SF:lib/core/failures.dart
DA:9,12
DA:16,2
DA:17,2
DA:18,2
DA:19,2
DA:20,2
DA:21,2
DA:26,8
DA:35,4
LF:9
LH:9
end_of_record
SF:lib/features/subject/data/repositories/subject_repository_impl.dart
DA:13,1
DA:18,1
DA:20,3
DA:22,1
DA:23,2
DA:27,1
DA:28,1
DA:29,1
DA:30,1
DA:31,2
LF:10
LH:10
end_of_record
SF:lib/core/exceptions.dart
DA:11,21
DA:18,1
DA:20,6
DA:25,2
DA:26,2
DA:27,2
DA:28,2
DA:29,2
DA:30,2
DA:35,17
DA:42,0
DA:44,0
DA:45,0
DA:46,0
DA:47,0
DA:48,0
DA:54,6
DA:61,2
DA:63,2
DA:64,2
DA:65,2
DA:66,2
DA:67,2
LF:23
LH:17
end_of_record
SF:lib/features/subject/domain/entities/subject.dart
DA:8,5
DA:14,3
DA:15,3
DA:16,3
DA:17,3
DA:18,3
LF:6
LH:6
end_of_record
SF:lib/features/subject/data/models/subject_model.dart
DA:11,2
DA:17,0
DA:18,0
LF:3
LH:1
end_of_record
SF:lib/features/subject/data/models/subject_model.g.dart
DA:9,0
DA:10,0
DA:11,0
DA:12,0
LF:4
LH:0
end_of_record
SF:lib/features/subject/data/mappers/subject_mapper.dart
DA:5,1
DA:7,3
DA:11,3
DA:15,3
DA:19,1
DA:20,1
DA:21,1
DA:22,1
LF:8
LH:8
end_of_record
SF:lib/core/error_logger.dart
DA:4,3
DA:5,6
DA:6,6
DA:7,6
DA:8,9
DA:9,6
DA:10,9
DA:11,6
DA:12,9
DA:13,6
LF:10
LH:10
end_of_record
SF:lib/features/subject/infra/datasources/subject_datasource_impl.dart
DA:11,1
DA:16,1
DA:18,3
DA:20,1
DA:21,1
DA:23,1
DA:24,2
DA:25,2
DA:26,1
DA:29,1
LF:10
LH:10
end_of_record
SF:lib/features/subject/infra/subjects_api_service.g.dart
DA:12,0
DA:19,0
DA:21,0
DA:22,0
DA:23,0
DA:24,0
DA:25,0
DA:26,0
DA:31,0
DA:33,0
DA:34,0
DA:35,0
DA:36,0
DA:40,0
DA:41,0
DA:42,0
DA:43,0
DA:44,0
DA:45,0
DA:47,0
LF:20
LH:0
end_of_record
SF:lib/features/subject/domain/usecase/get_subjects_list.dart
DA:13,1
DA:16,1
DA:17,3
LF:3
LH:3
end_of_record
SF:lib/features/subject/presentation/bloc/load_subject_list/load_subject_list_bloc.dart
DA:13,1
DA:15,1
DA:18,1
DA:19,1
DA:20,2
DA:21,1
DA:22,3
DA:23,1
DA:24,1
DA:25,1
DA:26,2
LF:11
LH:11
end_of_record
SF:lib/features/review/infra/datasources/review_datasource_impl.dart
DA:12,1
DA:15,1
DA:19,3
DA:23,1
DA:24,1
DA:25,1
DA:26,2
DA:27,2
DA:28,1
DA:31,1
DA:38,0
DA:43,0
DA:47,0
DA:48,0
DA:50,0
DA:51,0
DA:52,0
DA:55,0
LF:18
LH:10
end_of_record
SF:lib/features/review/data/models/get_review_response_model.dart
DA:11,0
DA:12,0
DA:14,2
LF:3
LH:1
end_of_record
SF:lib/features/review/data/models/get_review_response_model.g.dart
DA:9,0
DA:11,0
DA:12,0
DA:13,0
DA:14,0
DA:15,0
LF:6
LH:0
end_of_record
SF:lib/features/review/infra/review_api_service.g.dart
DA:12,0
DA:19,0
DA:21,0
DA:22,0
DA:23,0
DA:24,0
DA:25,0
DA:26,0
DA:31,0
DA:33,0
DA:34,0
DA:39,0
DA:41,0
DA:42,0
DA:43,0
DA:44,0
DA:45,0
DA:46,0
DA:51,0
DA:53,0
DA:57,0
DA:58,0
DA:59,0
DA:60,0
DA:61,0
DA:62,0
DA:64,0
LF:27
LH:0
end_of_record
SF:lib/features/review/data/models/review_model.dart
DA:12,0
DA:13,0
DA:15,0
DA:17,2
LF:4
LH:1
end_of_record
SF:lib/features/review/data/models/review_model.g.dart
DA:9,0
DA:10,0
DA:11,0
DA:12,0
DA:13,0
DA:16,0
DA:17,0
DA:18,0
DA:19,0
DA:20,0
DA:21,0
LF:11
LH:0
end_of_record
SF:lib/features/subject/presentation/bloc/filter_subject_list/filter_subject_list_bloc.dart
DA:12,1
DA:14,1
DA:15,1
DA:17,1
DA:18,1
DA:19,1
DA:20,1
DA:21,1
DA:23,2
DA:24,2
DA:25,1
DA:27,1
DA:28,1
DA:30,1
DA:31,1
DA:35,1
DA:36,1
LF:17
LH:17
end_of_record
SF:lib/features/review/data/repositories/review_repository_impl.dart
DA:14,1
DA:17,1
DA:21,3
DA:24,1
DA:25,1
DA:26,1
DA:27,2
DA:32,0
DA:36,0
DA:38,0
DA:39,0
DA:44,0
DA:45,0
LF:13
LH:7
end_of_record
SF:lib/features/review/domain/entities/review_response.dart
DA:8,3
DA:13,2
DA:14,2
DA:15,2
DA:16,2
LF:5
LH:5
end_of_record
SF:lib/features/review/domain/entities/review.dart
DA:9,6
DA:16,2
DA:17,2
DA:18,2
DA:19,2
DA:20,2
DA:21,2
LF:7
LH:7
end_of_record
SF:lib/features/review/data/mappers/review_mapper.dart
DA:5,1
DA:7,3
DA:12,3
DA:17,3
DA:21,1
DA:22,1
DA:23,1
DA:24,1
DA:25,1
DA:29,0
DA:30,0
DA:31,0
DA:32,0
DA:33,0
DA:34,0
LF:15
LH:9
end_of_record
SF:lib/features/review/data/mappers/review_response_mapper.dart
DA:6,1
DA:8,3
DA:12,1
DA:13,1
DA:14,1
DA:15,2
DA:17,1
DA:18,1
LF:8
LH:8
end_of_record
SF:lib/features/review/domain/params/create_review_params.dart
DA:8,1
DA:13,0
DA:14,0
LF:3
LH:1
end_of_record
SF:lib/features/review/domain/usecases/get_review_lists.dart
DA:15,1
DA:18,1
DA:21,3
LF:3
LH:3
end_of_record
SF:lib/features/review/domain/usecases/create_review.dart
DA:15,1
DA:18,1
DA:21,3
LF:3
LH:3
end_of_record
SF:lib/features/review/presentation/bloc/load_review_list_bloc.dart
DA:14,1
DA:16,1
DA:17,1
DA:18,1
DA:19,2
DA:20,1
DA:21,3
DA:24,1
DA:25,1
DA:26,1
DA:27,2
DA:28,1
DA:29,1
DA:34,0
DA:35,0
LF:15
LH:13
end_of_record
